make[1]: Entering directory '/home/xsp/Arceos-crates/httpserver'
ls: cannot access '/home/xsp/Arceos-crates/httpserver/crates': No such file or directory
ls: cannot access '/home/xsp/Arceos-crates/httpserver/modules': No such file or directory
    [96;1mRunning[0m on qemu...
[37mqemu-system-riscv64[0m [90m-m 2G -smp 1 -machine virt -bios default -kernel /home/xsp/Arceos-crates/httpserver/apps/net/httpserver/httpserver_riscv64-qemu-virt.bin -device virtio-net-device,netdev=net0 -netdev user,id=net0,hostfwd=tcp::5555-:5555,hostfwd=udp::5555-:5555 -nographic[0m

OpenSBI v1.0
   ____                    _____ ____ _____
  / __ \                  / ____|  _ \_   _|
 | |  | |_ __   ___ _ __ | (___ | |_) || |
 | |  | | '_ \ / _ \ '_ \ \___ \|  _ < | |
 | |__| | |_) |  __/ | | |____) | |_) || |_
  \____/| .__/ \___|_| |_|_____/|____/_____|
        | |
        |_|

Platform Name             : riscv-virtio,qemu
Platform Features         : medeleg
Platform HART Count       : 1
Platform IPI Device       : aclint-mswi
Platform Timer Device     : aclint-mtimer @ 10000000Hz
Platform Console Device   : uart8250
Platform HSM Device       : ---
Platform Reboot Device    : sifive_test
Platform Shutdown Device  : sifive_test
Firmware Base             : 0x80000000
Firmware Size             : 252 KB
Runtime SBI Version       : 0.3

Domain0 Name              : root
Domain0 Boot HART         : 0
Domain0 HARTs             : 0*
Domain0 Region00          : 0x0000000002000000-0x000000000200ffff (I)
Domain0 Region01          : 0x0000000080000000-0x000000008003ffff ()
Domain0 Region02          : 0x0000000000000000-0xffffffffffffffff (R,W,X)
Domain0 Next Address      : 0x0000000080200000
Domain0 Next Arg1         : 0x00000000bf000000
Domain0 Next Mode         : S-mode
Domain0 SysReset          : yes

Boot HART ID              : 0
Boot HART Domain          : root
Boot HART ISA             : rv64imafdcsuh
Boot HART Features        : scounteren,mcounteren,time
Boot HART PMP Count       : 16
Boot HART PMP Granularity : 4
Boot HART PMP Address Bits: 54
Boot HART MHPM Count      : 0
Boot HART MIDELEG         : 0x0000000000001666
Boot HART MEDELEG         : 0x0000000000f0b509

       d8888                            .d88888b.   .d8888b.
      d88888                           d88P" "Y88b d88P  Y88b
     d88P888                           888     888 Y88b.
    d88P 888 888d888  .d8888b  .d88b.  888     888  "Y888b.
   d88P  888 888P"   d88P"    d8P  Y8b 888     888     "Y88b.
  d88P   888 888     888      88888888 888     888       "888
 d8888888888 888     Y88b.    Y8b.     Y88b. .d88P Y88b  d88P
d88P     888 888      "Y8888P  "Y8888   "Y88888P"   "Y8888P"

arch = riscv64
platform = riscv64-qemu-virt
target = riscv64gc-unknown-none-elf
smp = 1
build_mode = release
log_level = info

[37m[  0.212048 0 axruntime:130] [32mLogging is enabled.[m
[m[37m[  0.218929 0 axruntime:131] [32mPrimary CPU 0 started, dtb = 0xbf000000.[m
[m[37m[  0.221735 0 axruntime:132] [32mPlatform name riscv64_qemu_virt.[m
[m[37m[  0.223738 0 axruntime:134] [32mFound physcial memory regions:[m
[m[37m[  0.226912 0 axruntime:136] [32m  [PA:0x80200000, PA:0x8021d000) .text (READ | EXECUTE | RESERVED)[m
[m[37m[  0.230493 0 axruntime:136] [32m  [PA:0x8021d000, PA:0x80226000) .rodata (READ | RESERVED)[m
[m[37m[  0.232770 0 axruntime:136] [32m  [PA:0x80226000, PA:0x80229000) .data .tdata .tbss .percpu (READ | WRITE | RESERVED)[m
[m[37m[  0.235601 0 axruntime:136] [32m  [PA:0x80229000, PA:0x80269000) boot stack (READ | WRITE | RESERVED)[m
[m[37m[  0.238142 0 axruntime:136] [32m  [PA:0x80269000, PA:0x8028f000) .bss (READ | WRITE | RESERVED)[m
[m[37m[  0.240738 0 axruntime:136] [32m  [PA:0x8028f000, PA:0x88000000) free memory (READ | WRITE | FREE)[m
[m[37m[  0.243538 0 axruntime:136] [32m  [PA:0xc000000, PA:0xc210000) mmio (READ | WRITE | DEVICE | RESERVED)[m
[m[37m[  0.246117 0 axruntime:136] [32m  [PA:0x10000000, PA:0x10001000) mmio (READ | WRITE | DEVICE | RESERVED)[m
[m[37m[  0.248688 0 axruntime:136] [32m  [PA:0x10001000, PA:0x10009000) mmio (READ | WRITE | DEVICE | RESERVED)[m
[m[37m[  0.251327 0 axruntime:136] [32m  [PA:0x30000000, PA:0x40000000) mmio (READ | WRITE | DEVICE | RESERVED)[m
[m[37m[  0.254056 0 axruntime:136] [32m  [PA:0x40000000, PA:0x80000000) mmio (READ | WRITE | DEVICE | RESERVED)[m
[m[37m[  0.256975 0 axruntime:218] [32mInitialize global memory allocator...[m
[m[37m[  0.259139 0 axruntime:219] [32m  use TLSF allocator.[m
[m[37m[  0.262914 0 axruntime:231] [32malloc region size: 7D71000[m
[m[37m[  0.270939 0 axruntime:150] [32mInitialize kernel page table...[m
[m[37m[  0.282058 0 axruntime:154] [32mInitialize platform devices...[m
[m[37m[  0.284218 0 axtask::api:68] [32mInitialize scheduling...[m
[m[37m[  0.290104 0 axtask::api:74] [32m  use FIFO scheduler.[m
[m[37m[  0.291968 0 axdriver:152] [32mInitialize device drivers...[m
[m[37m[  0.294021 0 axdriver:153] [32m  device model: static[m
[m[37m[  0.296837 0 virtio_drivers::device::net::dev_raw:30] [32mnegotiated_features Features(MAC | STATUS | RING_EVENT_IDX)[m
[m[37m[  0.309168 0 axdriver::bus::mmio:11] [32mregistered a new Net device at [PA:0x10008000, PA:0x10009000): "virtio-net"[m
[m[37m[  0.314332 0 axnet:46] [32mInitialize network subsystem...[m
[m[37m[  0.316422 0 axnet:49] [32m  use NIC 0: "virtio-net"[m
[m[37m[  0.321689 0 axnet::smoltcp_impl:368] [32mcreated net interface "eth0":[m
[m[37m[  0.324004 0 axnet::smoltcp_impl:369] [32m  ether:    52-54-00-12-34-56[m
[m[37m[  0.327360 0 axnet::smoltcp_impl:370] [32m  ip:       10.0.2.15/24[m
[m[37m[  0.329823 0 axnet::smoltcp_impl:371] [32m  gateway:  10.0.2.2[m
[m[37m[  0.340633 0 axruntime:196] [32mPrimary CPU 0 init OK.[m
[mHello, ArceOS HTTP server!
listen on: http://0.0.0.0:5555/
qemu-system-riscv64: terminating on signal 15 from pid 426845 (make)
